# JRE version: OpenJDK Runtime Environment GraalVM CE 22.3.0 (17.0.5+8) (build 17.0.5+8-jvmci-22.3-b08)
# Java VM: OpenJDK 64-Bit Server VM GraalVM CE 22.3.0 (17.0.5+8-jvmci-22.3-b08, mixed mode, sharing, tiered, jvmci, jvmci compiler, compressed oops, compressed class ptrs, parallel gc, linux-amd64)
GC Precious Log:
 CPUs: 16 total, 2 available
 Memory: 3215M
 Large Page Support: Disabled
 NUMA Support: Disabled
 Compressed Oops: Enabled (32-bit)
 Alignments: Space 512K, Generation 512K, Heap 2M
 Heap Min Capacity: 100M
 Heap Initial Capacity: 100M
 Heap Max Capacity: 512M
 Pre-touch: Disabled
 Parallel Workers: 2
Heap:
 PSYoungGen      total 87040K, used 38912K [0x00000000f5580000, 0x00000000fdb00000, 0x0000000100000000)
  eden space 38912K, 100% used [0x00000000f5580000,0x00000000f7b80000,0x00000000f7b80000)
  from space 48128K, 0% used [0x00000000f7b80000,0x00000000f7b80000,0x00000000faa80000)
  to   space 22016K, 0% used [0x00000000faa80000,0x00000000faa80000,0x00000000fc000000)
 ParOldGen       total 349696K, used 349694K [0x00000000e0000000, 0x00000000f5580000, 0x00000000f5580000)
  object space 349696K, 99% used [0x00000000e0000000,0x00000000f557fbf0,0x00000000f5580000)
 Metaspace       used 58720K, committed 59904K, reserved 1105920K
  class space    used 5859K, committed 6336K, reserved 1048576K
GC Heap History (20 events):
Event: 296.973 GC heap before
{Heap before GC invocations=622 (full 543):
 PSYoungGen      total 87040K, used 38911K [0x00000000f5580000, 0x00000000fdb00000, 0x0000000100000000)
  eden space 38912K, 99% used [0x00000000f5580000,0x00000000f7b7fff8,0x00000000f7b80000)
  from space 48128K, 0% used [0x00000000f7b80000,0x00000000f7b80000,0x00000000faa80000)
  to   space 22016K, 0% used [0x00000000faa80000,0x00000000faa80000,0x00000000fc000000)
 ParOldGen       total 349696K, used 349691K [0x00000000e0000000, 0x00000000f5580000, 0x00000000f5580000)
  object space 349696K, 99% used [0x00000000e0000000,0x00000000f557ece0,0x00000000f5580000)
 Metaspace       used 58719K, committed 59904K, reserved 1105920K
  class space    used 5859K, committed 6336K, reserved 1048576K
}
Event: 297.310 GC heap after
{Heap after GC invocations=622 (full 543):
 PSYoungGen      total 60928K, used 38911K [0x00000000f5580000, 0x00000000fdb00000, 0x0000000100000000)
  eden space 38912K, 99% used [0x00000000f5580000,0x00000000f7b7fff8,0x00000000f7b80000)
  from space 22016K, 0% used [0x00000000faa80000,0x00000000faa80000,0x00000000fc000000)
  to   space 48128K, 0% used [0x00000000f7b80000,0x00000000f7b80000,0x00000000faa80000)
 ParOldGen       total 349696K, used 349691K [0x00000000e0000000, 0x00000000f5580000, 0x00000000f5580000)
  object space 349696K, 99% used [0x00000000e0000000,0x00000000f557ecc8,0x00000000f5580000)
 Metaspace       used 58719K, committed 59904K, reserved 1105920K
  class space    used 5859K, committed 6336K, reserved 1048576K
}
Event: 297.310 GC heap before
{Heap before GC invocations=623 (full 544):
 PSYoungGen      total 60928K, used 38911K [0x00000000f5580000, 0x00000000fdb00000, 0x0000000100000000)
  eden space 38912K, 99% used [0x00000000f5580000,0x00000000f7b7fff8,0x00000000f7b80000)
  from space 22016K, 0% used [0x00000000faa80000,0x00000000faa80000,0x00000000fc000000)
  to   space 48128K, 0% used [0x00000000f7b80000,0x00000000f7b80000,0x00000000faa80000)
 ParOldGen       total 349696K, used 349694K [0x00000000e0000000, 0x00000000f5580000, 0x00000000f5580000)
  object space 349696K, 99% used [0x00000000e0000000,0x00000000f557f840,0x00000000f5580000)
 Metaspace       used 58719K, committed 59904K, reserved 1105920K
  class space    used 5859K, committed 6336K, reserved 1048576K
}
Event: 297.683 GC heap after
{Heap after GC invocations=623 (full 544):
 PSYoungGen      total 87040K, used 38911K [0x00000000f5580000, 0x00000000fdb00000, 0x0000000100000000)
  eden space 38912K, 99% used [0x00000000f5580000,0x00000000f7b7ffb0,0x00000000f7b80000)
  from space 48128K, 0% used [0x00000000f7b80000,0x00000000f7b80000,0x00000000faa80000)
  to   space 22016K, 0% used [0x00000000faa80000,0x00000000faa80000,0x00000000fc000000)
 ParOldGen       total 349696K, used 349691K [0x00000000e0000000, 0x00000000f5580000, 0x00000000f5580000)
  object space 349696K, 99% used [0x00000000e0000000,0x00000000f557ef78,0x00000000f5580000)
 Metaspace       used 58719K, committed 59904K, reserved 1105920K
  class space    used 5859K, committed 6336K, reserved 1048576K
}
Event: 297.683 GC heap before
{Heap before GC invocations=624 (full 545):
 PSYoungGen      total 87040K, used 38911K [0x00000000f5580000, 0x00000000fdb00000, 0x0000000100000000)
  eden space 38912K, 99% used [0x00000000f5580000,0x00000000f7b7fff8,0x00000000f7b80000)
  from space 48128K, 0% used [0x00000000f7b80000,0x00000000f7b80000,0x00000000faa80000)
  to   space 22016K, 0% used [0x00000000faa80000,0x00000000faa80000,0x00000000fc000000)
 ParOldGen       total 349696K, used 349691K [0x00000000e0000000, 0x00000000f5580000, 0x00000000f5580000)
  object space 349696K, 99% used [0x00000000e0000000,0x00000000f557ef78,0x00000000f5580000)
 Metaspace       used 58719K, committed 59904K, reserved 1105920K
  class space    used 5859K, committed 6336K, reserved 1048576K
}
Event: 298.008 GC heap after
{Heap after GC invocations=624 (full 545):
 PSYoungGen      total 60928K, used 38911K [0x00000000f5580000, 0x00000000fdb00000, 0x0000000100000000)
  eden space 38912K, 99% used [0x00000000f5580000,0x00000000f7b7fff8,0x00000000f7b80000)
  from space 22016K, 0% used [0x00000000faa80000,0x00000000faa80000,0x00000000fc000000)
  to   space 48128K, 0% used [0x00000000f7b80000,0x00000000f7b80000,0x00000000faa80000)
 ParOldGen       total 349696K, used 349691K [0x00000000e0000000, 0x00000000f5580000, 0x00000000f5580000)
  object space 349696K, 99% used [0x00000000e0000000,0x00000000f557ef78,0x00000000f5580000)
 Metaspace       used 58719K, committed 59904K, reserved 1105920K
  class space    used 5859K, committed 6336K, reserved 1048576K
}
Event: 298.008 GC heap before
{Heap before GC invocations=625 (full 546):
 PSYoungGen      total 60928K, used 38911K [0x00000000f5580000, 0x00000000fdb00000, 0x0000000100000000)
  eden space 38912K, 99% used [0x00000000f5580000,0x00000000f7b7fff8,0x00000000f7b80000)
  from space 22016K, 0% used [0x00000000faa80000,0x00000000faa80000,0x00000000fc000000)
  to   space 48128K, 0% used [0x00000000f7b80000,0x00000000f7b80000,0x00000000faa80000)
 ParOldGen       total 349696K, used 349695K [0x00000000e0000000, 0x00000000f5580000, 0x00000000f5580000)
  object space 349696K, 99% used [0x00000000e0000000,0x00000000f557fcc8,0x00000000f5580000)
 Metaspace       used 58720K, committed 59904K, reserved 1105920K
  class space    used 5859K, committed 6336K, reserved 1048576K
}
Event: 298.331 GC heap after
{Heap after GC invocations=625 (full 546):
 PSYoungGen      total 87040K, used 38911K [0x00000000f5580000, 0x00000000fdb00000, 0x0000000100000000)
  eden space 38912K, 99% used [0x00000000f5580000,0x00000000f7b7ff10,0x00000000f7b80000)
  from space 48128K, 0% used [0x00000000f7b80000,0x00000000f7b80000,0x00000000faa80000)
  to   space 22016K, 0% used [0x00000000faa80000,0x00000000faa80000,0x00000000fc000000)
 ParOldGen       total 349696K, used 349692K [0x00000000e0000000, 0x00000000f5580000, 0x00000000f5580000)
  object space 349696K, 99% used [0x00000000e0000000,0x00000000f557f3e8,0x00000000f5580000)
 Metaspace       used 58720K, committed 59904K, reserved 1105920K
  class space    used 5859K, committed 6336K, reserved 1048576K
}
Event: 298.332 GC heap before
{Heap before GC invocations=626 (full 547):
 PSYoungGen      total 87040K, used 38912K [0x00000000f5580000, 0x00000000fdb00000, 0x0000000100000000)
  eden space 38912K, 100% used [0x00000000f5580000,0x00000000f7b80000,0x00000000f7b80000)
  from space 48128K, 0% used [0x00000000f7b80000,0x00000000f7b80000,0x00000000faa80000)
  to   space 22016K, 0% used [0x00000000faa80000,0x00000000faa80000,0x00000000fc000000)
 ParOldGen       total 349696K, used 349692K [0x00000000e0000000, 0x00000000f5580000, 0x00000000f5580000)
  object space 349696K, 99% used [0x00000000e0000000,0x00000000f557f3e8,0x00000000f5580000)
 Metaspace       used 58720K, committed 59904K, reserved 1105920K
  class space    used 5859K, committed 6336K, reserved 1048576K
}
Event: 298.628 GC heap after
{Heap after GC invocations=626 (full 547):
 PSYoungGen      total 60928K, used 38911K [0x00000000f5580000, 0x00000000fdb00000, 0x0000000100000000)
  eden space 38912K, 99% used [0x00000000f5580000,0x00000000f7b7ffe8,0x00000000f7b80000)
  from space 22016K, 0% used [0x00000000faa80000,0x00000000faa80000,0x00000000fc000000)
  to   space 48128K, 0% used [0x00000000f7b80000,0x00000000f7b80000,0x00000000faa80000)
 ParOldGen       total 349696K, used 349692K [0x00000000e0000000, 0x00000000f5580000, 0x00000000f5580000)
  object space 349696K, 99% used [0x00000000e0000000,0x00000000f557f3b8,0x00000000f5580000)
 Metaspace       used 58720K, committed 59904K, reserved 1105920K
  class space    used 5859K, committed 6336K, reserved 1048576K
}
Event: 298.628 GC heap before
{Heap before GC invocations=627 (full 548):
 PSYoungGen      total 60928K, used 38912K [0x00000000f5580000, 0x00000000fdb00000, 0x0000000100000000)
  eden space 38912K, 100% used [0x00000000f5580000,0x00000000f7b80000,0x00000000f7b80000)
  from space 22016K, 0% used [0x00000000faa80000,0x00000000faa80000,0x00000000fc000000)
  to   space 48128K, 0% used [0x00000000f7b80000,0x00000000f7b80000,0x00000000faa80000)
 ParOldGen       total 349696K, used 349692K [0x00000000e0000000, 0x00000000f5580000, 0x00000000f5580000)
  object space 349696K, 99% used [0x00000000e0000000,0x00000000f557f3b8,0x00000000f5580000)
 Metaspace       used 58720K, committed 59904K, reserved 1105920K
  class space    used 5859K, committed 6336K, reserved 1048576K
}
Event: 298.958 GC heap after
{Heap after GC invocations=627 (full 548):
 PSYoungGen      total 87040K, used 38912K [0x00000000f5580000, 0x00000000fdb00000, 0x0000000100000000)
  eden space 38912K, 100% used [0x00000000f5580000,0x00000000f7b80000,0x00000000f7b80000)
  from space 48128K, 0% used [0x00000000f7b80000,0x00000000f7b80000,0x00000000faa80000)
  to   space 22016K, 0% used [0x00000000faa80000,0x00000000faa80000,0x00000000fc000000)
 ParOldGen       total 349696K, used 349692K [0x00000000e0000000, 0x00000000f5580000, 0x00000000f5580000)
  object space 349696K, 99% used [0x00000000e0000000,0x00000000f557f3b8,0x00000000f5580000)
 Metaspace       used 58720K, committed 59904K, reserved 1105920K
  class space    used 5859K, committed 6336K, reserved 1048576K
}
Event: 298.958 GC heap before
{Heap before GC invocations=628 (full 549):
 PSYoungGen      total 87040K, used 38912K [0x00000000f5580000, 0x00000000fdb00000, 0x0000000100000000)
  eden space 38912K, 100% used [0x00000000f5580000,0x00000000f7b80000,0x00000000f7b80000)
  from space 48128K, 0% used [0x00000000f7b80000,0x00000000f7b80000,0x00000000faa80000)
  to   space 22016K, 0% used [0x00000000faa80000,0x00000000faa80000,0x00000000fc000000)
 ParOldGen       total 349696K, used 349695K [0x00000000e0000000, 0x00000000f5580000, 0x00000000f5580000)
  object space 349696K, 99% used [0x00000000e0000000,0x00000000f557fc70,0x00000000f5580000)
 Metaspace       used 58720K, committed 59904K, reserved 1105920K
  class space    used 5859K, committed 6336K, reserved 1048576K
}
Event: 299.286 GC heap after
{Heap after GC invocations=628 (full 549):
 PSYoungGen      total 60928K, used 38911K [0x00000000f5580000, 0x00000000fdb00000, 0x0000000100000000)
  eden space 38912K, 99% used [0x00000000f5580000,0x00000000f7b7ffa0,0x00000000f7b80000)
  from space 22016K, 0% used [0x00000000faa80000,0x00000000faa80000,0x00000000fc000000)
  to   space 48128K, 0% used [0x00000000f7b80000,0x00000000f7b80000,0x00000000faa80000)
 ParOldGen       total 349696K, used 349694K [0x00000000e0000000, 0x00000000f5580000, 0x00000000f5580000)
  object space 349696K, 99% used [0x00000000e0000000,0x00000000f557fb00,0x00000000f5580000)
 Metaspace       used 58720K, committed 59904K, reserved 1105920K
  class space    used 5859K, committed 6336K, reserved 1048576K
}
Event: 299.288 GC heap before
{Heap before GC invocations=629 (full 550):
 PSYoungGen      total 60928K, used 38912K [0x00000000f5580000, 0x00000000fdb00000, 0x0000000100000000)
  eden space 38912K, 100% used [0x00000000f5580000,0x00000000f7b80000,0x00000000f7b80000)
  from space 22016K, 0% used [0x00000000faa80000,0x00000000faa80000,0x00000000fc000000)
  to   space 48128K, 0% used [0x00000000f7b80000,0x00000000f7b80000,0x00000000faa80000)
 ParOldGen       total 349696K, used 349694K [0x00000000e0000000, 0x00000000f5580000, 0x00000000f5580000)
  object space 349696K, 99% used [0x00000000e0000000,0x00000000f557fb00,0x00000000f5580000)
 Metaspace       used 58720K, committed 59904K, reserved 1105920K
  class space    used 5859K, committed 6336K, reserved 1048576K
}
Event: 299.615 GC heap after
{Heap after GC invocations=629 (full 550):
 PSYoungGen      total 87040K, used 38912K [0x00000000f5580000, 0x00000000fdb00000, 0x0000000100000000)
  eden space 38912K, 100% used [0x00000000f5580000,0x00000000f7b80000,0x00000000f7b80000)
  from space 48128K, 0% used [0x00000000f7b80000,0x00000000f7b80000,0x00000000faa80000)
  to   space 22016K, 0% used [0x00000000faa80000,0x00000000faa80000,0x00000000fc000000)
 ParOldGen       total 349696K, used 349694K [0x00000000e0000000, 0x00000000f5580000, 0x00000000f5580000)
  object space 349696K, 99% used [0x00000000e0000000,0x00000000f557fb00,0x00000000f5580000)
 Metaspace       used 58720K, committed 59904K, reserved 1105920K
  class space    used 5859K, committed 6336K, reserved 1048576K
}
Event: 299.615 GC heap before
{Heap before GC invocations=630 (full 551):
 PSYoungGen      total 87040K, used 38912K [0x00000000f5580000, 0x00000000fdb00000, 0x0000000100000000)
  eden space 38912K, 100% used [0x00000000f5580000,0x00000000f7b80000,0x00000000f7b80000)
  from space 48128K, 0% used [0x00000000f7b80000,0x00000000f7b80000,0x00000000faa80000)
  to   space 22016K, 0% used [0x00000000faa80000,0x00000000faa80000,0x00000000fc000000)
 ParOldGen       total 349696K, used 349695K [0x00000000e0000000, 0x00000000f5580000, 0x00000000f5580000)
  object space 349696K, 99% used [0x00000000e0000000,0x00000000f557fe90,0x00000000f5580000)
 Metaspace       used 58720K, committed 59904K, reserved 1105920K
  class space    used 5859K, committed 6336K, reserved 1048576K
}
Event: 299.956 GC heap after
{Heap after GC invocations=630 (full 551):
 PSYoungGen      total 60928K, used 38912K [0x00000000f5580000, 0x00000000fdb00000, 0x0000000100000000)
  eden space 38912K, 100% used [0x00000000f5580000,0x00000000f7b80000,0x00000000f7b80000)
  from space 22016K, 0% used [0x00000000faa80000,0x00000000faa80000,0x00000000fc000000)
  to   space 48128K, 0% used [0x00000000f7b80000,0x00000000f7b80000,0x00000000faa80000)
 ParOldGen       total 349696K, used 349694K [0x00000000e0000000, 0x00000000f5580000, 0x00000000f5580000)
  object space 349696K, 99% used [0x00000000e0000000,0x00000000f557fb30,0x00000000f5580000)
 Metaspace       used 58720K, committed 59904K, reserved 1105920K
  class space    used 5859K, committed 6336K, reserved 1048576K
}
Event: 299.956 GC heap before
{Heap before GC invocations=631 (full 552):
 PSYoungGen      total 60928K, used 38912K [0x00000000f5580000, 0x00000000fdb00000, 0x0000000100000000)
  eden space 38912K, 100% used [0x00000000f5580000,0x00000000f7b80000,0x00000000f7b80000)
  from space 22016K, 0% used [0x00000000faa80000,0x00000000faa80000,0x00000000fc000000)
  to   space 48128K, 0% used [0x00000000f7b80000,0x00000000f7b80000,0x00000000faa80000)
 ParOldGen       total 349696K, used 349694K [0x00000000e0000000, 0x00000000f5580000, 0x00000000f5580000)
  object space 349696K, 99% used [0x00000000e0000000,0x00000000f557fb30,0x00000000f5580000)
 Metaspace       used 58720K, committed 59904K, reserved 1105920K
  class space    used 5859K, committed 6336K, reserved 1048576K
}
Event: 300.235 GC heap after
{Heap after GC invocations=631 (full 552):
 PSYoungGen      total 87040K, used 38912K [0x00000000f5580000, 0x00000000fdb00000, 0x0000000100000000)
  eden space 38912K, 100% used [0x00000000f5580000,0x00000000f7b80000,0x00000000f7b80000)
  from space 48128K, 0% used [0x00000000f7b80000,0x00000000f7b80000,0x00000000faa80000)
  to   space 22016K, 0% used [0x00000000faa80000,0x00000000faa80000,0x00000000fc000000)
 ParOldGen       total 349696K, used 349694K [0x00000000e0000000, 0x00000000f5580000, 0x00000000f5580000)
  object space 349696K, 99% used [0x00000000e0000000,0x00000000f557fb30,0x00000000f5580000)
 Metaspace       used 58720K, committed 59904K, reserved 1105920K
  class space    used 5859K, committed 6336K, reserved 1048576K
}

